<?xml version="1.0" encoding="UTF-8"?>
<!-- Generated by org.testng.reporters.JUnitXMLReporter -->
<testsuite ignored="0" hostname="jaswith" failures="1" tests="1" name="Default test(failed)" time="21.383" errors="0" timestamp="2026-03-09T12:54:58 IST">
  <testcase classname="tests.ElementsTest" name="elmentsTest" time="10.279">
    <failure type="java.time.format.DateTimeParseException" message="Text &amp;apos;1/09/2026&amp;apos; could not be parsed at index 0">
      <![CDATA[java.time.format.DateTimeParseException: Text '1/09/2026' could not be parsed at index 0
at java.base/java.time.format.DateTimeFormatter.parseResolved0(DateTimeFormatter.java:2108)
at java.base/java.time.format.DateTimeFormatter.parse(DateTimeFormatter.java:2010)
at java.base/java.time.LocalDate.parse(LocalDate.java:435)
at pages.ElementsPage.RangeDate(ElementsPage.java:255)
at tests.ElementsTest.elmentsTest(ElementsTest.java:51)
at java.base/java.util.ArrayList.forEach(ArrayList.java:1596)
... Removed 25 stack frames]]>
    </failure>
  </testcase> <!-- elmentsTest -->
</testsuite> <!-- Default test(failed) -->
