<?xml version="1.0" encoding="UTF-8"?>
<testng-results ignored="0" total="1" passed="1" failed="0" skipped="0">
  <reporter-output>
  </reporter-output>
  <suite started-at="2026-03-10T14:32:24 IST" name="Default suite" finished-at="2026-03-10T14:33:18 IST" duration-ms="54150">
    <groups>
    </groups>
    <test started-at="2026-03-10T14:32:24 IST" name="Default test" finished-at="2026-03-10T14:33:18 IST" duration-ms="54150">
      <class name="tests.ElementsTest">
        <test-method is-config="true" signature="setup()[pri:0, instance:tests.ElementsTest@22ff4249]" started-at="2026-03-10T14:32:24 IST" name="setup" finished-at="2026-03-10T14:32:34 IST" duration-ms="9629" status="PASS">
          <reporter-output>
          </reporter-output>
        </test-method> <!-- setup -->
        <test-method signature="elmentsTest()[pri:0, instance:tests.ElementsTest@22ff4249]" started-at="2026-03-10T14:32:34 IST" name="elmentsTest" finished-at="2026-03-10T14:33:17 IST" duration-ms="43672" status="PASS">
          <reporter-output>
          </reporter-output>
        </test-method> <!-- elmentsTest -->
        <test-method is-config="true" signature="teardown()[pri:0, instance:tests.ElementsTest@22ff4249]" started-at="2026-03-10T14:33:17 IST" name="teardown" finished-at="2026-03-10T14:33:18 IST" duration-ms="755" status="PASS">
          <reporter-output>
          </reporter-output>
        </test-method> <!-- teardown -->
      </class> <!-- tests.ElementsTest -->
    </test> <!-- Default test -->
  </suite> <!-- Default suite -->
</testng-results>
