<?xml version="1.0" encoding="UTF-8"?>
<testng-results ignored="0" total="1" passed="1" failed="0" skipped="0">
  <reporter-output>
  </reporter-output>
  <suite started-at="2026-03-10T12:34:50 IST" name="Default suite" finished-at="2026-03-10T12:35:39 IST" duration-ms="49316">
    <groups>
    </groups>
    <test started-at="2026-03-10T12:34:50 IST" name="Default test" finished-at="2026-03-10T12:35:39 IST" duration-ms="49316">
      <class name="tests.ElementsTest">
        <test-method is-config="true" signature="setup()[pri:0, instance:tests.ElementsTest@22ff4249]" started-at="2026-03-10T12:34:50 IST" name="setup" finished-at="2026-03-10T12:34:58 IST" duration-ms="8714" status="PASS">
          <reporter-output>
          </reporter-output>
        </test-method> <!-- setup -->
        <test-method signature="elmentsTest()[pri:0, instance:tests.ElementsTest@22ff4249]" started-at="2026-03-10T12:34:58 IST" name="elmentsTest" finished-at="2026-03-10T12:35:38 IST" duration-ms="39822" status="PASS">
          <reporter-output>
          </reporter-output>
        </test-method> <!-- elmentsTest -->
        <test-method is-config="true" signature="teardown()[pri:0, instance:tests.ElementsTest@22ff4249]" started-at="2026-03-10T12:35:38 IST" name="teardown" finished-at="2026-03-10T12:35:39 IST" duration-ms="684" status="PASS">
          <reporter-output>
          </reporter-output>
        </test-method> <!-- teardown -->
      </class> <!-- tests.ElementsTest -->
    </test> <!-- Default test -->
  </suite> <!-- Default suite -->
</testng-results>
